mode: count
github.com/ai8future/pricing_db/embed.go:22.31,24.2 1 1
github.com/ai8future/pricing_db/helpers.go:17.26,18.21 1 20
github.com/ai8future/pricing_db/helpers.go:18.21,20.21 2 1
github.com/ai8future/pricing_db/helpers.go:20.21,33.4 1 0
github.com/ai8future/pricing_db/helpers.go:40.73,44.2 3 1
github.com/ai8future/pricing_db/helpers.go:49.67,52.2 2 1
github.com/ai8future/pricing_db/helpers.go:57.59,60.2 2 1
github.com/ai8future/pricing_db/helpers.go:65.71,68.2 2 0
github.com/ai8future/pricing_db/helpers.go:72.62,75.2 2 0
github.com/ai8future/pricing_db/helpers.go:79.52,82.2 2 2
github.com/ai8future/pricing_db/helpers.go:86.31,89.2 2 1
github.com/ai8future/pricing_db/helpers.go:93.23,96.2 2 1
github.com/ai8future/pricing_db/helpers.go:100.26,103.2 2 1
github.com/ai8future/pricing_db/helpers.go:107.30,110.2 2 1
github.com/ai8future/pricing_db/helpers.go:115.24,118.2 2 1
github.com/ai8future/pricing_db/helpers.go:123.17,125.20 2 0
github.com/ai8future/pricing_db/helpers.go:125.20,126.71 1 0
github.com/ai8future/pricing_db/helpers.go:133.104,136.2 2 2
github.com/ai8future/pricing_db/helpers.go:141.139,144.2 2 1
github.com/ai8future/pricing_db/helpers.go:148.128,151.2 2 2
github.com/ai8future/pricing_db/helpers.go:156.98,159.2 2 1
github.com/ai8future/pricing_db/helpers.go:170.64,172.2 1 3
github.com/ai8future/pricing_db/helpers.go:179.99,181.56 2 3
github.com/ai8future/pricing_db/helpers.go:181.56,183.3 1 1
github.com/ai8future/pricing_db/helpers.go:184.2,184.53 1 2
github.com/ai8future/pricing_db/helpers.go:190.91,192.2 1 3
github.com/ai8future/pricing_db/helpers.go:197.122,202.44 3 4
github.com/ai8future/pricing_db/helpers.go:202.44,203.41 1 2
github.com/ai8future/pricing_db/helpers.go:203.41,204.71 1 1
github.com/ai8future/pricing_db/helpers.go:204.71,205.20 1 14
github.com/ai8future/pricing_db/helpers.go:205.20,207.6 1 11
github.com/ai8future/pricing_db/helpers.go:213.2,214.25 2 4
github.com/ai8future/pricing_db/helpers.go:214.25,216.3 1 1
github.com/ai8future/pricing_db/helpers.go:218.2,218.94 1 4
github.com/ai8future/pricing_db/pricing.go:27.45,28.34 1 29
github.com/ai8future/pricing_db/pricing.go:28.34,30.3 1 2
github.com/ai8future/pricing_db/pricing.go:31.2,31.34 1 27
github.com/ai8future/pricing_db/pricing.go:31.34,33.3 1 1
github.com/ai8future/pricing_db/pricing.go:34.2,34.21 1 26
github.com/ai8future/pricing_db/pricing.go:39.61,42.2 2 172
github.com/ai8future/pricing_db/pricing.go:60.35,62.2 1 62
github.com/ai8future/pricing_db/pricing.go:66.63,74.16 7 106
github.com/ai8future/pricing_db/pricing.go:74.16,76.3 1 1
github.com/ai8future/pricing_db/pricing.go:80.2,80.42 1 105
github.com/ai8future/pricing_db/pricing.go:80.42,82.3 1 1829
github.com/ai8future/pricing_db/pricing.go:84.2,84.32 1 105
github.com/ai8future/pricing_db/pricing.go:84.32,85.73 1 1745
github.com/ai8future/pricing_db/pricing.go:85.73,86.12 1 1
github.com/ai8future/pricing_db/pricing.go:89.3,91.17 3 1744
github.com/ai8future/pricing_db/pricing.go:91.17,93.4 1 0
github.com/ai8future/pricing_db/pricing.go:95.3,96.53 2 1744
github.com/ai8future/pricing_db/pricing.go:96.53,98.4 1 1
github.com/ai8future/pricing_db/pricing.go:101.3,102.25 2 1743
github.com/ai8future/pricing_db/pricing.go:102.25,104.4 1 1
github.com/ai8future/pricing_db/pricing.go:106.3,119.43 2 1743
github.com/ai8future/pricing_db/pricing.go:119.43,120.77 1 11685
github.com/ai8future/pricing_db/pricing.go:120.77,122.5 1 9
github.com/ai8future/pricing_db/pricing.go:124.4,124.30 1 11676
github.com/ai8future/pricing_db/pricing.go:124.30,125.51 1 0
github.com/ai8future/pricing_db/pricing.go:125.51,127.6 1 0
github.com/ai8future/pricing_db/pricing.go:130.4,130.43 1 11676
github.com/ai8future/pricing_db/pricing.go:130.43,132.5 1 10415
github.com/ai8future/pricing_db/pricing.go:134.4,134.44 1 11676
github.com/ai8future/pricing_db/pricing.go:139.3,139.47 1 1734
github.com/ai8future/pricing_db/pricing.go:139.47,140.82 1 256
github.com/ai8future/pricing_db/pricing.go:140.82,142.5 1 2
github.com/ai8future/pricing_db/pricing.go:144.4,144.47 1 254
github.com/ai8future/pricing_db/pricing.go:144.47,146.5 1 253
github.com/ai8future/pricing_db/pricing.go:150.3,150.32 1 1732
github.com/ai8future/pricing_db/pricing.go:150.32,151.82 1 195
github.com/ai8future/pricing_db/pricing.go:151.82,153.5 1 4
github.com/ai8future/pricing_db/pricing.go:154.4,154.46 1 191
github.com/ai8future/pricing_db/pricing.go:159.3,159.48 1 1728
github.com/ai8future/pricing_db/pricing.go:159.48,160.77 1 3404
github.com/ai8future/pricing_db/pricing.go:160.77,162.5 1 2
github.com/ai8future/pricing_db/pricing.go:164.4,164.48 1 3402
github.com/ai8future/pricing_db/pricing.go:164.48,166.5 1 3276
github.com/ai8future/pricing_db/pricing.go:168.4,168.49 1 3402
github.com/ai8future/pricing_db/pricing.go:172.2,172.25 1 87
github.com/ai8future/pricing_db/pricing.go:172.25,174.3 1 1
github.com/ai8future/pricing_db/pricing.go:177.2,190.8 4 86
github.com/ai8future/pricing_db/pricing.go:197.80,202.21 3 103
github.com/ai8future/pricing_db/pricing.go:202.21,204.3 1 2
github.com/ai8future/pricing_db/pricing.go:205.2,205.22 1 111
github.com/ai8future/pricing_db/pricing.go:205.22,207.3 1 2
github.com/ai8future/pricing_db/pricing.go:209.2,210.9 2 111
github.com/ai8future/pricing_db/pricing.go:210.9,213.10 2 2
github.com/ai8future/pricing_db/pricing.go:213.10,215.4 1 1
github.com/ai8future/pricing_db/pricing.go:218.2,228.3 3 108
github.com/ai8future/pricing_db/pricing.go:234.73,235.47 1 7
github.com/ai8future/pricing_db/pricing.go:235.47,236.84 1 2434
github.com/ai8future/pricing_db/pricing.go:236.84,238.4 1 2
github.com/ai8future/pricing_db/pricing.go:240.2,240.30 1 5
github.com/ai8future/pricing_db/pricing.go:247.75,248.21 1 105
github.com/ai8future/pricing_db/pricing.go:248.21,250.3 1 2
github.com/ai8future/pricing_db/pricing.go:252.2,256.41 3 103
github.com/ai8future/pricing_db/pricing.go:256.41,257.76 1 396
github.com/ai8future/pricing_db/pricing.go:257.76,260.4 2 98
github.com/ai8future/pricing_db/pricing.go:263.2,263.10 1 1
github.com/ai8future/pricing_db/pricing.go:269.67,274.9 4 110
github.com/ai8future/pricing_db/pricing.go:274.9,276.3 1 1
github.com/ai8future/pricing_db/pricing.go:278.2,281.20 3 111
github.com/ai8future/pricing_db/pricing.go:282.22,283.40 1 4
github.com/ai8future/pricing_db/pricing.go:284.23,285.41 1 2
github.com/ai8future/pricing_db/pricing.go:286.20,287.38 1 1
github.com/ai8future/pricing_db/pricing.go:288.10,289.14 1 104
github.com/ai8future/pricing_db/pricing.go:293.2,293.15 1 7
github.com/ai8future/pricing_db/pricing.go:293.15,295.3 1 1
github.com/ai8future/pricing_db/pricing.go:299.2,299.29 1 6
github.com/ai8future/pricing_db/pricing.go:299.29,301.3 1 1
github.com/ai8future/pricing_db/pricing.go:302.2,302.20 1 5
github.com/ai8future/pricing_db/pricing.go:309.79,310.21 1 23
github.com/ai8future/pricing_db/pricing.go:310.21,312.3 1 2
github.com/ai8future/pricing_db/pricing.go:314.2,318.9 4 21
github.com/ai8future/pricing_db/pricing.go:318.9,321.10 2 1
github.com/ai8future/pricing_db/pricing.go:321.10,323.4 1 1
github.com/ai8future/pricing_db/pricing.go:326.2,327.52 2 20
github.com/ai8future/pricing_db/pricing.go:332.83,333.52 1 2
github.com/ai8future/pricing_db/pricing.go:333.52,334.84 1 212
github.com/ai8future/pricing_db/pricing.go:334.84,336.4 1 0
github.com/ai8future/pricing_db/pricing.go:338.2,338.35 1 2
github.com/ai8future/pricing_db/pricing.go:342.74,347.8 4 2
github.com/ai8future/pricing_db/pricing.go:347.8,349.3 1 1
github.com/ai8future/pricing_db/pricing.go:350.2,350.42 1 1
github.com/ai8future/pricing_db/pricing.go:381.15,386.9 4 24
github.com/ai8future/pricing_db/pricing.go:386.9,388.10 2 2
github.com/ai8future/pricing_db/pricing.go:388.10,390.4 1 2
github.com/ai8future/pricing_db/pricing.go:393.2,398.16 4 22
github.com/ai8future/pricing_db/pricing.go:398.16,400.3 1 1
github.com/ai8future/pricing_db/pricing.go:403.2,404.44 2 22
github.com/ai8future/pricing_db/pricing.go:404.44,406.3 1 1
github.com/ai8future/pricing_db/pricing.go:409.2,426.26 9 22
github.com/ai8future/pricing_db/pricing.go:426.26,427.45 1 4
github.com/ai8future/pricing_db/pricing.go:427.45,430.4 1 1
github.com/ai8future/pricing_db/pricing.go:430.9,432.4 1 3
github.com/ai8future/pricing_db/pricing.go:436.2,441.27 3 22
github.com/ai8future/pricing_db/pricing.go:441.27,442.53 1 4
github.com/ai8future/pricing_db/pricing.go:442.53,446.4 2 4
github.com/ai8future/pricing_db/pricing.go:446.9,450.4 2 0
github.com/ai8future/pricing_db/pricing.go:453.2,466.3 2 22
github.com/ai8future/pricing_db/pricing.go:471.136,476.21 3 18
github.com/ai8future/pricing_db/pricing.go:476.21,478.3 1 1
github.com/ai8future/pricing_db/pricing.go:479.2,479.22 1 18
github.com/ai8future/pricing_db/pricing.go:479.22,481.3 1 1
github.com/ai8future/pricing_db/pricing.go:482.2,482.22 1 18
github.com/ai8future/pricing_db/pricing.go:482.22,484.3 1 1
github.com/ai8future/pricing_db/pricing.go:486.2,487.9 2 18
github.com/ai8future/pricing_db/pricing.go:487.9,489.10 2 1
github.com/ai8future/pricing_db/pricing.go:489.10,491.4 1 1
github.com/ai8future/pricing_db/pricing.go:494.2,498.39 3 17
github.com/ai8future/pricing_db/pricing.go:498.39,500.3 1 1
github.com/ai8future/pricing_db/pricing.go:503.2,519.27 9 17
github.com/ai8future/pricing_db/pricing.go:519.27,520.53 1 7
github.com/ai8future/pricing_db/pricing.go:520.53,523.4 2 2
github.com/ai8future/pricing_db/pricing.go:523.9,526.4 2 5
github.com/ai8future/pricing_db/pricing.go:529.2,539.3 2 17
github.com/ai8future/pricing_db/pricing.go:544.113,549.37 3 39
github.com/ai8future/pricing_db/pricing.go:549.37,550.47 1 18
github.com/ai8future/pricing_db/pricing.go:550.47,553.4 2 2
github.com/ai8future/pricing_db/pricing.go:556.2,556.30 1 39
github.com/ai8future/pricing_db/pricing.go:577.19,580.46 2 39
github.com/ai8future/pricing_db/pricing.go:580.46,582.3 1 11
github.com/ai8future/pricing_db/pricing.go:585.2,590.46 4 39
github.com/ai8future/pricing_db/pricing.go:590.46,592.3 1 3
github.com/ai8future/pricing_db/pricing.go:595.2,596.22 2 39
github.com/ai8future/pricing_db/pricing.go:596.22,597.53 1 15
github.com/ai8future/pricing_db/pricing.go:597.53,600.4 1 8
github.com/ai8future/pricing_db/pricing.go:600.9,603.4 1 7
github.com/ai8future/pricing_db/pricing.go:606.2,610.3 1 39
github.com/ai8future/pricing_db/pricing.go:615.72,616.29 1 46
github.com/ai8future/pricing_db/pricing.go:616.29,618.3 1 21
github.com/ai8future/pricing_db/pricing.go:619.2,620.37 2 25
github.com/ai8future/pricing_db/pricing.go:620.37,621.42 1 25
github.com/ai8future/pricing_db/pricing.go:621.42,623.38 1 8
github.com/ai8future/pricing_db/pricing.go:623.38,625.5 1 6
github.com/ai8future/pricing_db/pricing.go:625.10,630.5 2 2
github.com/ai8future/pricing_db/pricing.go:633.2,633.17 1 25
github.com/ai8future/pricing_db/pricing.go:637.81,638.21 1 3
github.com/ai8future/pricing_db/pricing.go:638.21,640.3 1 0
github.com/ai8future/pricing_db/pricing.go:642.2,642.41 1 3
github.com/ai8future/pricing_db/pricing.go:642.41,643.76 1 12
github.com/ai8future/pricing_db/pricing.go:643.76,646.4 2 3
github.com/ai8future/pricing_db/pricing.go:649.2,649.10 1 0
github.com/ai8future/pricing_db/pricing.go:653.64,658.8 4 130
github.com/ai8future/pricing_db/pricing.go:658.8,660.3 1 130
github.com/ai8future/pricing_db/pricing.go:661.2,661.37 1 2
github.com/ai8future/pricing_db/pricing.go:666.79,670.9 4 24
github.com/ai8future/pricing_db/pricing.go:670.9,672.3 1 1
github.com/ai8future/pricing_db/pricing.go:673.2,673.38 1 23
github.com/ai8future/pricing_db/pricing.go:677.43,681.32 4 100
github.com/ai8future/pricing_db/pricing.go:681.32,683.3 1 2491
github.com/ai8future/pricing_db/pricing.go:684.2,685.14 2 99
github.com/ai8future/pricing_db/pricing.go:689.35,693.2 3 102
github.com/ai8future/pricing_db/pricing.go:696.38,700.2 3 102
github.com/ai8future/pricing_db/pricing.go:704.52,705.31 1 114
github.com/ai8future/pricing_db/pricing.go:705.31,707.3 1 1
github.com/ai8future/pricing_db/pricing.go:708.2,709.81 2 109
github.com/ai8future/pricing_db/pricing.go:715.61,717.19 2 258
github.com/ai8future/pricing_db/pricing.go:717.19,719.3 1 29022
github.com/ai8future/pricing_db/pricing.go:720.2,720.39 1 258
github.com/ai8future/pricing_db/pricing.go:720.39,721.35 1 235817
github.com/ai8future/pricing_db/pricing.go:721.35,723.4 1 179128
github.com/ai8future/pricing_db/pricing.go:724.3,724.27 1 56689
github.com/ai8future/pricing_db/pricing.go:726.2,726.13 1 258
github.com/ai8future/pricing_db/pricing.go:730.86,731.33 1 11685
github.com/ai8future/pricing_db/pricing.go:731.33,733.3 1 1
github.com/ai8future/pricing_db/pricing.go:734.2,734.34 1 11684
github.com/ai8future/pricing_db/pricing.go:734.34,736.3 1 1
github.com/ai8future/pricing_db/pricing.go:738.2,739.50 2 11683
github.com/ai8future/pricing_db/pricing.go:739.50,741.3 1 1
github.com/ai8future/pricing_db/pricing.go:742.2,742.51 1 11682
github.com/ai8future/pricing_db/pricing.go:742.51,744.3 1 0
github.com/ai8future/pricing_db/pricing.go:746.2,746.33 1 11682
github.com/ai8future/pricing_db/pricing.go:746.33,748.3 1 0
github.com/ai8future/pricing_db/pricing.go:750.2,750.35 1 11682
github.com/ai8future/pricing_db/pricing.go:750.35,752.3 1 1
github.com/ai8future/pricing_db/pricing.go:753.2,753.37 1 11681
github.com/ai8future/pricing_db/pricing.go:753.37,755.3 1 0
github.com/ai8future/pricing_db/pricing.go:757.2,757.39 1 11681
github.com/ai8future/pricing_db/pricing.go:757.39,759.3 1 1
github.com/ai8future/pricing_db/pricing.go:761.2,763.50 1 11680
github.com/ai8future/pricing_db/pricing.go:763.50,765.3 1 1
github.com/ai8future/pricing_db/pricing.go:767.2,767.37 1 11679
github.com/ai8future/pricing_db/pricing.go:767.37,768.31 1 256
github.com/ai8future/pricing_db/pricing.go:768.31,770.4 1 1
github.com/ai8future/pricing_db/pricing.go:771.3,771.32 1 255
github.com/ai8future/pricing_db/pricing.go:771.32,773.4 1 1
github.com/ai8future/pricing_db/pricing.go:774.3,774.94 1 254
github.com/ai8future/pricing_db/pricing.go:774.94,776.4 1 1
github.com/ai8future/pricing_db/pricing.go:778.2,778.12 1 11676
github.com/ai8future/pricing_db/pricing.go:782.95,783.36 1 256
github.com/ai8future/pricing_db/pricing.go:783.36,785.3 1 1
github.com/ai8future/pricing_db/pricing.go:787.2,787.111 1 255
github.com/ai8future/pricing_db/pricing.go:787.111,789.3 1 1
github.com/ai8future/pricing_db/pricing.go:790.2,790.12 1 254
github.com/ai8future/pricing_db/pricing.go:794.75,795.36 1 195
github.com/ai8future/pricing_db/pricing.go:795.36,797.3 1 1
github.com/ai8future/pricing_db/pricing.go:798.2,798.41 1 194
github.com/ai8future/pricing_db/pricing.go:798.41,800.3 1 1
github.com/ai8future/pricing_db/pricing.go:801.2,801.42 1 193
github.com/ai8future/pricing_db/pricing.go:801.42,803.3 1 1
github.com/ai8future/pricing_db/pricing.go:804.2,804.39 1 192
github.com/ai8future/pricing_db/pricing.go:804.39,806.3 1 1
github.com/ai8future/pricing_db/pricing.go:807.2,807.12 1 191
github.com/ai8future/pricing_db/pricing.go:811.91,812.31 1 3404
github.com/ai8future/pricing_db/pricing.go:812.31,814.3 1 1
github.com/ai8future/pricing_db/pricing.go:816.2,817.48 2 3403
github.com/ai8future/pricing_db/pricing.go:817.48,819.3 1 1
github.com/ai8future/pricing_db/pricing.go:820.2,820.12 1 3402
github.com/ai8future/pricing_db/pricing.go:825.62,828.22 2 24
github.com/ai8future/pricing_db/pricing.go:828.22,830.31 2 21
github.com/ai8future/pricing_db/pricing.go:830.31,833.24 2 219
github.com/ai8future/pricing_db/pricing.go:833.24,836.5 2 10
github.com/ai8future/pricing_db/pricing.go:837.4,837.29 1 219
github.com/ai8future/pricing_db/pricing.go:841.2,841.25 1 24
github.com/ai8future/pricing_db/pricing.go:841.25,843.34 2 4
github.com/ai8future/pricing_db/pricing.go:843.34,845.4 1 16
github.com/ai8future/pricing_db/pricing.go:848.2,848.27 1 24
github.com/ai8future/pricing_db/pricing.go:848.27,850.36 2 17
github.com/ai8future/pricing_db/pricing.go:850.36,852.4 1 94
github.com/ai8future/pricing_db/pricing.go:855.2,855.33 1 24
github.com/ai8future/pricing_db/pricing.go:855.33,857.42 2 2
github.com/ai8future/pricing_db/pricing.go:857.42,859.4 1 13
github.com/ai8future/pricing_db/pricing.go:862.2,862.29 1 24
github.com/ai8future/pricing_db/pricing.go:862.29,865.3 2 2
github.com/ai8future/pricing_db/pricing.go:867.2,867.37 1 24
github.com/ai8future/pricing_db/pricing.go:867.37,869.3 1 18
github.com/ai8future/pricing_db/pricing.go:871.2,871.32 1 24
github.com/ai8future/pricing_db/pricing.go:871.32,873.3 1 17
github.com/ai8future/pricing_db/pricing.go:875.2,875.15 1 24
github.com/ai8future/pricing_db/types.go:164.31,165.15 1 2
github.com/ai8future/pricing_db/types.go:165.15,167.3 1 1
github.com/ai8future/pricing_db/types.go:168.2,169.73 1 1
